{"/Users/elishkaflint/Projects/array_of_sunshine/client/src/App.jsx": {"path":"/Users/elishkaflint/Projects/array_of_sunshine/client/src/App.jsx","statementMap":{"0":{"start":{"line":1,"column":13},"end":{"line":1,"column":75}},"1":{"start":{"line":1,"column":94},"end":{"line":1,"column":161}},"2":{"start":{"line":1,"column":175},"end":{"line":1,"column":191}},"3":{"start":{"line":1,"column":206},"end":{"line":1,"column":236}},"4":{"start":{"line":2,"column":13},"end":{"line":2,"column":31}},"5":{"start":{"line":2,"column":70},"end":{"line":2,"column":124}},"6":{"start":{"line":6,"column":18},"end":{"line":6,"column":62}},"7":{"start":{"line":6,"column":49},"end":{"line":6,"column":61}},"8":{"start":{"line":7,"column":4},"end":{"line":7,"column":175}},"9":{"start":{"line":7,"column":48},"end":{"line":7,"column":173}},"10":{"start":{"line":11,"column":17},"end":{"line":11,"column":39}},"11":{"start":{"line":12,"column":4},"end":{"line":13,"column":122}},"12":{"start":{"line":20,"column":4},"end":{"line":22,"column":5}},"13":{"start":{"line":21,"column":6},"end":{"line":21,"column":18}},"14":{"start":{"line":23,"column":27},"end":{"line":23,"column":51}},"15":{"start":{"line":24,"column":4},"end":{"line":24,"column":82}},"16":{"start":{"line":25,"column":4},"end":{"line":31,"column":25}},"17":{"start":{"line":37,"column":27},"end":{"line":37,"column":69}},"18":{"start":{"line":38,"column":28},"end":{"line":38,"column":71}},"19":{"start":{"line":39,"column":4},"end":{"line":39,"column":67}},"20":{"start":{"line":45,"column":4},"end":{"line":45,"column":17}},"21":{"start":{"line":46,"column":4},"end":{"line":48,"column":21}},"22":{"start":{"line":51,"column":4},"end":{"line":51,"column":53}},"23":{"start":{"line":52,"column":4},"end":{"line":52,"column":53}},"24":{"start":{"line":56,"column":17},"end":{"line":56,"column":34}},"25":{"start":{"line":57,"column":4},"end":{"line":58,"column":36}},"26":{"start":{"line":63,"column":4},"end":{"line":63,"column":27}},"27":{"start":{"line":64,"column":4},"end":{"line":64,"column":67}},"28":{"start":{"line":68,"column":4},"end":{"line":73,"column":157}},"29":{"start":{"line":82,"column":4},"end":{"line":82,"column":17}},"30":{"start":{"line":83,"column":4},"end":{"line":86,"column":20}},"31":{"start":{"line":89,"column":4},"end":{"line":89,"column":57}},"32":{"start":{"line":90,"column":4},"end":{"line":90,"column":55}},"33":{"start":{"line":94,"column":4},"end":{"line":96,"column":16}},"34":{"start":{"line":101,"column":4},"end":{"line":101,"column":62}},"35":{"start":{"line":105,"column":4},"end":{"line":124,"column":115}},"36":{"start":{"line":134,"column":4},"end":{"line":136,"column":122}},"37":{"start":{"line":139,"column":4},"end":{"line":142,"column":4}}},"fnMap":{"0":{"name":"_interopRequireDefault","decl":{"start":{"line":2,"column":41},"end":{"line":2,"column":63}},"loc":{"start":{"line":2,"column":69},"end":{"line":2,"column":125}},"line":2},"1":{"name":"(anonymous_1)","decl":{"start":{"line":5,"column":2},"end":{"line":5,"column":3}},"loc":{"start":{"line":5,"column":20},"end":{"line":8,"column":3}},"line":5},"2":{"name":"(anonymous_2)","decl":{"start":{"line":6,"column":41},"end":{"line":6,"column":42}},"loc":{"start":{"line":6,"column":49},"end":{"line":6,"column":61}},"line":6},"3":{"name":"(anonymous_3)","decl":{"start":{"line":7,"column":31},"end":{"line":7,"column":32}},"loc":{"start":{"line":7,"column":48},"end":{"line":7,"column":173}},"line":7},"4":{"name":"(anonymous_4)","decl":{"start":{"line":10,"column":2},"end":{"line":10,"column":3}},"loc":{"start":{"line":10,"column":11},"end":{"line":15,"column":3}},"line":10},"5":{"name":"(anonymous_5)","decl":{"start":{"line":19,"column":2},"end":{"line":19,"column":3}},"loc":{"start":{"line":19,"column":11},"end":{"line":34,"column":3}},"line":19},"6":{"name":"(anonymous_6)","decl":{"start":{"line":36,"column":2},"end":{"line":36,"column":3}},"loc":{"start":{"line":36,"column":22},"end":{"line":40,"column":3}},"line":36},"7":{"name":"(anonymous_7)","decl":{"start":{"line":44,"column":2},"end":{"line":44,"column":3}},"loc":{"start":{"line":44,"column":21},"end":{"line":53,"column":3}},"line":44},"8":{"name":"(anonymous_8)","decl":{"start":{"line":55,"column":2},"end":{"line":55,"column":3}},"loc":{"start":{"line":55,"column":22},"end":{"line":60,"column":3}},"line":55},"9":{"name":"(anonymous_9)","decl":{"start":{"line":62,"column":2},"end":{"line":62,"column":3}},"loc":{"start":{"line":62,"column":22},"end":{"line":65,"column":3}},"line":62},"10":{"name":"(anonymous_10)","decl":{"start":{"line":67,"column":2},"end":{"line":67,"column":3}},"loc":{"start":{"line":67,"column":11},"end":{"line":77,"column":3}},"line":67},"11":{"name":"(anonymous_11)","decl":{"start":{"line":81,"column":2},"end":{"line":81,"column":3}},"loc":{"start":{"line":81,"column":21},"end":{"line":91,"column":3}},"line":81},"12":{"name":"(anonymous_12)","decl":{"start":{"line":93,"column":2},"end":{"line":93,"column":3}},"loc":{"start":{"line":93,"column":32},"end":{"line":98,"column":3}},"line":93},"13":{"name":"(anonymous_13)","decl":{"start":{"line":100,"column":2},"end":{"line":100,"column":3}},"loc":{"start":{"line":100,"column":37},"end":{"line":102,"column":3}},"line":100},"14":{"name":"(anonymous_14)","decl":{"start":{"line":104,"column":2},"end":{"line":104,"column":3}},"loc":{"start":{"line":104,"column":11},"end":{"line":129,"column":3}},"line":104},"15":{"name":"(anonymous_15)","decl":{"start":{"line":133,"column":2},"end":{"line":133,"column":3}},"loc":{"start":{"line":133,"column":11},"end":{"line":139,"column":3}},"line":133}},"branchMap":{"0":{"loc":{"start":{"line":2,"column":77},"end":{"line":2,"column":123}},"type":"cond-expr","locations":[{"start":{"line":2,"column":101},"end":{"line":2,"column":104}},{"start":{"line":2,"column":107},"end":{"line":2,"column":123}}],"line":2},"1":{"loc":{"start":{"line":2,"column":77},"end":{"line":2,"column":98}},"type":"binary-expr","locations":[{"start":{"line":2,"column":77},"end":{"line":2,"column":80}},{"start":{"line":2,"column":84},"end":{"line":2,"column":98}}],"line":2},"2":{"loc":{"start":{"line":20,"column":4},"end":{"line":22,"column":5}},"type":"if","locations":[{"start":{"line":20,"column":4},"end":{"line":22,"column":5}},{"start":{"line":20,"column":4},"end":{"line":22,"column":5}}],"line":20}},"s":{"0":0,"1":0,"2":0,"3":0,"4":0,"5":0,"6":0,"7":0,"8":0,"9":0,"10":0,"11":0,"12":0,"13":0,"14":0,"15":0,"16":0,"17":0,"18":0,"19":0,"20":0,"21":0,"22":0,"23":0,"24":0,"25":0,"26":0,"27":0,"28":0,"29":0,"30":0,"31":0,"32":0,"33":0,"34":0,"35":0,"36":0,"37":0},"f":{"0":0,"1":0,"2":0,"3":0,"4":0,"5":0,"6":0,"7":0,"8":0,"9":0,"10":0,"11":0,"12":0,"13":0,"14":0,"15":0},"b":{"0":[0,0],"1":[0,0],"2":[0,0]}}
,"/Users/elishkaflint/Projects/array_of_sunshine/client/src/index.js": {"path":"/Users/elishkaflint/Projects/array_of_sunshine/client/src/index.js","statementMap":{"0":{"start":{"line":1,"column":32},"end":{"line":1,"column":100}},"1":{"start":{"line":1,"column":114},"end":{"line":1,"column":130}},"2":{"start":{"line":1,"column":145},"end":{"line":1,"column":175}},"3":{"start":{"line":2,"column":16},"end":{"line":2,"column":36}},"4":{"start":{"line":2,"column":54},"end":{"line":2,"column":87}},"5":{"start":{"line":3,"column":0},"end":{"line":3,"column":23}},"6":{"start":{"line":4,"column":11},"end":{"line":4,"column":27}},"7":{"start":{"line":4,"column":40},"end":{"line":4,"column":68}},"8":{"start":{"line":5,"column":29},"end":{"line":5,"column":63}},"9":{"start":{"line":5,"column":94},"end":{"line":5,"column":140}},"10":{"start":{"line":5,"column":179},"end":{"line":5,"column":233}},"11":{"start":{"line":7,"column":0},"end":{"line":7,"column":181}},"12":{"start":{"line":8,"column":0},"end":{"line":8,"column":39}}},"fnMap":{"0":{"name":"_interopRequireDefault","decl":{"start":{"line":5,"column":150},"end":{"line":5,"column":172}},"loc":{"start":{"line":5,"column":178},"end":{"line":5,"column":234}},"line":5}},"branchMap":{"0":{"loc":{"start":{"line":5,"column":186},"end":{"line":5,"column":232}},"type":"cond-expr","locations":[{"start":{"line":5,"column":210},"end":{"line":5,"column":213}},{"start":{"line":5,"column":216},"end":{"line":5,"column":232}}],"line":5},"1":{"loc":{"start":{"line":5,"column":186},"end":{"line":5,"column":207}},"type":"binary-expr","locations":[{"start":{"line":5,"column":186},"end":{"line":5,"column":189}},{"start":{"line":5,"column":193},"end":{"line":5,"column":207}}],"line":5}},"s":{"0":0,"1":0,"2":0,"3":0,"4":0,"5":0,"6":0,"7":0,"8":0,"9":0,"10":0,"11":0,"12":0},"f":{"0":0},"b":{"0":[0,0],"1":[0,0]}}
,"/Users/elishkaflint/Projects/array_of_sunshine/client/src/model.js": {"path":"/Users/elishkaflint/Projects/array_of_sunshine/client/src/model.js","statementMap":{"0":{"start":{"line":1,"column":19},"end":{"line":8,"column":1}},"1":{"start":{"line":11,"column":21},"end":{"line":11,"column":34}},"2":{"start":{"line":12,"column":2},"end":{"line":12,"column":67}},"3":{"start":{"line":12,"column":35},"end":{"line":12,"column":67}},"4":{"start":{"line":13,"column":2},"end":{"line":13,"column":79}},"5":{"start":{"line":13,"column":34},"end":{"line":13,"column":79}},"6":{"start":{"line":14,"column":2},"end":{"line":14,"column":79}},"7":{"start":{"line":14,"column":34},"end":{"line":14,"column":79}},"8":{"start":{"line":15,"column":2},"end":{"line":15,"column":65}},"9":{"start":{"line":15,"column":33},"end":{"line":15,"column":65}},"10":{"start":{"line":16,"column":2},"end":{"line":16,"column":41}},"11":{"start":{"line":16,"column":29},"end":{"line":16,"column":41}},"12":{"start":{"line":17,"column":2},"end":{"line":17,"column":41}},"13":{"start":{"line":17,"column":29},"end":{"line":17,"column":41}},"14":{"start":{"line":18,"column":2},"end":{"line":18,"column":43}},"15":{"start":{"line":18,"column":30},"end":{"line":18,"column":43}},"16":{"start":{"line":19,"column":2},"end":{"line":19,"column":20}},"17":{"start":{"line":23,"column":19},"end":{"line":23,"column":57}},"18":{"start":{"line":24,"column":2},"end":{"line":24,"column":31}},"19":{"start":{"line":28,"column":19},"end":{"line":28,"column":64}},"20":{"start":{"line":29,"column":2},"end":{"line":29,"column":54}},"21":{"start":{"line":29,"column":38},"end":{"line":29,"column":52}},"22":{"start":{"line":33,"column":2},"end":{"line":33,"column":82}},"23":{"start":{"line":37,"column":22},"end":{"line":37,"column":24}},"24":{"start":{"line":38,"column":2},"end":{"line":42,"column":5}},"25":{"start":{"line":39,"column":4},"end":{"line":41,"column":5}},"26":{"start":{"line":40,"column":6},"end":{"line":40,"column":42}},"27":{"start":{"line":44,"column":2},"end":{"line":44,"column":68}},"28":{"start":{"line":47,"column":0},"end":{"line":52,"column":2}}},"fnMap":{"0":{"name":"workOutType","decl":{"start":{"line":10,"column":9},"end":{"line":10,"column":20}},"loc":{"start":{"line":10,"column":29},"end":{"line":20,"column":1}},"line":10},"1":{"name":"processInput","decl":{"start":{"line":22,"column":9},"end":{"line":22,"column":21}},"loc":{"start":{"line":22,"column":35},"end":{"line":25,"column":1}},"line":22},"2":{"name":"workOutArray","decl":{"start":{"line":27,"column":9},"end":{"line":27,"column":21}},"loc":{"start":{"line":27,"column":30},"end":{"line":30,"column":1}},"line":27},"3":{"name":"(anonymous_3)","decl":{"start":{"line":29,"column":33},"end":{"line":29,"column":34}},"loc":{"start":{"line":29,"column":38},"end":{"line":29,"column":52}},"line":29},"4":{"name":"compareArrays","decl":{"start":{"line":32,"column":9},"end":{"line":32,"column":22}},"loc":{"start":{"line":32,"column":57},"end":{"line":34,"column":1}},"line":32},"5":{"name":"findMethod","decl":{"start":{"line":36,"column":9},"end":{"line":36,"column":19}},"loc":{"start":{"line":36,"column":47},"end":{"line":45,"column":1}},"line":36},"6":{"name":"(anonymous_6)","decl":{"start":{"line":38,"column":21},"end":{"line":38,"column":22}},"loc":{"start":{"line":38,"column":33},"end":{"line":42,"column":3}},"line":38}},"branchMap":{"0":{"loc":{"start":{"line":12,"column":2},"end":{"line":12,"column":67}},"type":"if","locations":[{"start":{"line":12,"column":2},"end":{"line":12,"column":67}},{"start":{"line":12,"column":2},"end":{"line":12,"column":67}}],"line":12},"1":{"loc":{"start":{"line":13,"column":2},"end":{"line":13,"column":79}},"type":"if","locations":[{"start":{"line":13,"column":2},"end":{"line":13,"column":79}},{"start":{"line":13,"column":2},"end":{"line":13,"column":79}}],"line":13},"2":{"loc":{"start":{"line":14,"column":2},"end":{"line":14,"column":79}},"type":"if","locations":[{"start":{"line":14,"column":2},"end":{"line":14,"column":79}},{"start":{"line":14,"column":2},"end":{"line":14,"column":79}}],"line":14},"3":{"loc":{"start":{"line":15,"column":2},"end":{"line":15,"column":65}},"type":"if","locations":[{"start":{"line":15,"column":2},"end":{"line":15,"column":65}},{"start":{"line":15,"column":2},"end":{"line":15,"column":65}}],"line":15},"4":{"loc":{"start":{"line":16,"column":2},"end":{"line":16,"column":41}},"type":"if","locations":[{"start":{"line":16,"column":2},"end":{"line":16,"column":41}},{"start":{"line":16,"column":2},"end":{"line":16,"column":41}}],"line":16},"5":{"loc":{"start":{"line":17,"column":2},"end":{"line":17,"column":41}},"type":"if","locations":[{"start":{"line":17,"column":2},"end":{"line":17,"column":41}},{"start":{"line":17,"column":2},"end":{"line":17,"column":41}}],"line":17},"6":{"loc":{"start":{"line":18,"column":2},"end":{"line":18,"column":43}},"type":"if","locations":[{"start":{"line":18,"column":2},"end":{"line":18,"column":43}},{"start":{"line":18,"column":2},"end":{"line":18,"column":43}}],"line":18},"7":{"loc":{"start":{"line":39,"column":4},"end":{"line":41,"column":5}},"type":"if","locations":[{"start":{"line":39,"column":4},"end":{"line":41,"column":5}},{"start":{"line":39,"column":4},"end":{"line":41,"column":5}}],"line":39},"8":{"loc":{"start":{"line":44,"column":9},"end":{"line":44,"column":67}},"type":"cond-expr","locations":[{"start":{"line":44,"column":34},"end":{"line":44,"column":45}},{"start":{"line":44,"column":48},"end":{"line":44,"column":67}}],"line":44}},"s":{"0":1,"1":28,"2":28,"3":5,"4":23,"5":1,"6":22,"7":6,"8":16,"9":10,"10":6,"11":2,"12":4,"13":2,"14":2,"15":1,"16":1,"17":1,"18":1,"19":6,"20":6,"21":18,"22":42,"23":7,"24":7,"25":42,"26":8,"27":7,"28":1},"f":{"0":28,"1":1,"2":6,"3":18,"4":42,"5":7,"6":42},"b":{"0":[5,23],"1":[1,22],"2":[6,16],"3":[10,6],"4":[2,4],"5":[2,2],"6":[1,1],"7":[8,34],"8":[6,1]},"_coverageSchema":"332fd63041d2c1bcb487cc26dd0d5f7d97098a6c","hash":"06c593f06c824c46b54a8cd2317b26a791537e45"}
,"/Users/elishkaflint/Projects/array_of_sunshine/client/src/other.js": {"path":"/Users/elishkaflint/Projects/array_of_sunshine/client/src/other.js","statementMap":{"0":{"start":{"line":1,"column":32},"end":{"line":1,"column":100}},"1":{"start":{"line":3,"column":4},"end":{"line":3,"column":17}},"2":{"start":{"line":4,"column":4},"end":{"line":7,"column":17}},"3":{"start":{"line":10,"column":4},"end":{"line":10,"column":65}},"4":{"start":{"line":15,"column":4},"end":{"line":15,"column":30}},"5":{"start":{"line":16,"column":4},"end":{"line":17,"column":174}},"6":{"start":{"line":22,"column":15},"end":{"line":22,"column":58}},"7":{"start":{"line":23,"column":4},"end":{"line":24,"column":20}}},"fnMap":{"0":{"name":"(anonymous_0)","decl":{"start":{"line":2,"column":2},"end":{"line":2,"column":3}},"loc":{"start":{"line":2,"column":21},"end":{"line":12,"column":3}},"line":2},"1":{"name":"(anonymous_1)","decl":{"start":{"line":14,"column":2},"end":{"line":14,"column":3}},"loc":{"start":{"line":14,"column":11},"end":{"line":19,"column":3}},"line":14},"2":{"name":"(anonymous_2)","decl":{"start":{"line":21,"column":2},"end":{"line":21,"column":3}},"loc":{"start":{"line":21,"column":23},"end":{"line":26,"column":3}},"line":21}},"branchMap":{},"s":{"0":0,"1":0,"2":0,"3":0,"4":0,"5":0,"6":0,"7":0},"f":{"0":0,"1":0,"2":0},"b":{}}
,"/Users/elishkaflint/Projects/array_of_sunshine/client/src/registerServiceWorker.js": {"path":"/Users/elishkaflint/Projects/array_of_sunshine/client/src/registerServiceWorker.js","statementMap":{"0":{"start":{"line":1,"column":13},"end":{"line":1,"column":75}},"1":{"start":{"line":1,"column":75},"end":{"line":21,"column":9}},"2":{"start":{"line":21,"column":9},"end":{"line":111,"column":24}},"3":{"start":{"line":118,"column":20},"end":{"line":120,"column":89}},"4":{"start":{"line":120,"column":111},"end":{"line":128,"column":36}},"5":{"start":{"line":121,"column":22},"end":{"line":121,"column":70}},"6":{"start":{"line":121,"column":71},"end":{"line":124,"column":14}},"7":{"start":{"line":124,"column":6},"end":{"line":124,"column":13}},"8":{"start":{"line":124,"column":14},"end":{"line":128,"column":35}},"9":{"start":{"line":124,"column":67},"end":{"line":124,"column":112}},"10":{"start":{"line":124,"column":113},"end":{"line":128,"column":32}},"11":{"start":{"line":125,"column":8},"end":{"line":125,"column":39}},"12":{"start":{"line":127,"column":8},"end":{"line":127,"column":178}},"13":{"start":{"line":127,"column":50},"end":{"line":127,"column":175}},"14":{"start":{"line":128,"column":8},"end":{"line":128,"column":31}},"15":{"start":{"line":128,"column":70},"end":{"line":135,"column":156}},"16":{"start":{"line":128,"column":132},"end":{"line":135,"column":68}},"17":{"start":{"line":128,"column":193},"end":{"line":128,"column":216}},"18":{"start":{"line":128,"column":217},"end":{"line":135,"column":66}},"19":{"start":{"line":128,"column":257},"end":{"line":135,"column":64}},"20":{"start":{"line":128,"column":302},"end":{"line":135,"column":63}},"21":{"start":{"line":132,"column":12},"end":{"line":132,"column":69}},"22":{"start":{"line":135,"column":12},"end":{"line":135,"column":62}},"23":{"start":{"line":135,"column":87},"end":{"line":135,"column":153}},"24":{"start":{"line":136,"column":2},"end":{"line":139,"column":126}},"25":{"start":{"line":137,"column":4},"end":{"line":139,"column":30}},"26":{"start":{"line":138,"column":6},"end":{"line":138,"column":127}},"27":{"start":{"line":138,"column":58},"end":{"line":138,"column":124}},"28":{"start":{"line":138,"column":96},"end":{"line":138,"column":121}},"29":{"start":{"line":139,"column":6},"end":{"line":139,"column":29}},"30":{"start":{"line":139,"column":46},"end":{"line":139,"column":123}},"31":{"start":{"line":139,"column":150},"end":{"line":139,"column":267}},"32":{"start":{"line":139,"column":185},"end":{"line":139,"column":266}},"33":{"start":{"line":139,"column":237},"end":{"line":139,"column":263}}},"fnMap":{"0":{"name":"register","decl":{"start":{"line":120,"column":99},"end":{"line":120,"column":107}},"loc":{"start":{"line":120,"column":110},"end":{"line":128,"column":37}},"line":120},"1":{"name":"(anonymous_1)","decl":{"start":{"line":124,"column":46},"end":{"line":124,"column":47}},"loc":{"start":{"line":124,"column":52},"end":{"line":128,"column":33}},"line":124},"2":{"name":"(anonymous_2)","decl":{"start":{"line":127,"column":43},"end":{"line":127,"column":44}},"loc":{"start":{"line":127,"column":49},"end":{"line":127,"column":176}},"line":127},"3":{"name":"registerValidSW","decl":{"start":{"line":128,"column":46},"end":{"line":128,"column":61}},"loc":{"start":{"line":128,"column":69},"end":{"line":135,"column":157}},"line":128},"4":{"name":"(anonymous_4)","decl":{"start":{"line":128,"column":115},"end":{"line":128,"column":116}},"loc":{"start":{"line":128,"column":131},"end":{"line":135,"column":69}},"line":128},"5":{"name":"(anonymous_5)","decl":{"start":{"line":128,"column":161},"end":{"line":128,"column":162}},"loc":{"start":{"line":128,"column":167},"end":{"line":135,"column":67}},"line":128},"6":{"name":"(anonymous_6)","decl":{"start":{"line":128,"column":250},"end":{"line":128,"column":251}},"loc":{"start":{"line":128,"column":256},"end":{"line":135,"column":65}},"line":128},"7":{"name":"(anonymous_7)","decl":{"start":{"line":135,"column":77},"end":{"line":135,"column":78}},"loc":{"start":{"line":135,"column":86},"end":{"line":135,"column":154}},"line":135},"8":{"name":"checkValidServiceWorker","decl":{"start":{"line":135,"column":166},"end":{"line":135,"column":189}},"loc":{"start":{"line":135,"column":197},"end":{"line":139,"column":127}},"line":135},"9":{"name":"(anonymous_9)","decl":{"start":{"line":136,"column":20},"end":{"line":136,"column":21}},"loc":{"start":{"line":136,"column":32},"end":{"line":139,"column":31}},"line":136},"10":{"name":"(anonymous_10)","decl":{"start":{"line":138,"column":41},"end":{"line":138,"column":42}},"loc":{"start":{"line":138,"column":57},"end":{"line":138,"column":125}},"line":138},"11":{"name":"(anonymous_11)","decl":{"start":{"line":138,"column":89},"end":{"line":138,"column":90}},"loc":{"start":{"line":138,"column":95},"end":{"line":138,"column":122}},"line":138},"12":{"name":"(anonymous_12)","decl":{"start":{"line":139,"column":39},"end":{"line":139,"column":40}},"loc":{"start":{"line":139,"column":45},"end":{"line":139,"column":124}},"line":139},"13":{"name":"unregister","decl":{"start":{"line":139,"column":136},"end":{"line":139,"column":146}},"loc":{"start":{"line":139,"column":149},"end":{"line":139,"column":268}},"line":139},"14":{"name":"(anonymous_14)","decl":{"start":{"line":139,"column":220},"end":{"line":139,"column":221}},"loc":{"start":{"line":139,"column":236},"end":{"line":139,"column":264}},"line":139}},"branchMap":{"0":{"loc":{"start":{"line":118,"column":28},"end":{"line":120,"column":88}},"type":"binary-expr","locations":[{"start":{"line":118,"column":28},"end":{"line":118,"column":68}},{"start":{"line":119,"column":0},"end":{"line":119,"column":36}},{"start":{"line":120,"column":0},"end":{"line":120,"column":88}}],"line":118},"1":{"loc":{"start":{"line":120,"column":111},"end":{"line":128,"column":36}},"type":"if","locations":[{"start":{"line":120,"column":111},"end":{"line":128,"column":36}},{"start":{"line":120,"column":111},"end":{"line":128,"column":36}}],"line":120},"2":{"loc":{"start":{"line":120,"column":115},"end":{"line":120,"column":184}},"type":"binary-expr","locations":[{"start":{"line":120,"column":115},"end":{"line":120,"column":152}},{"start":{"line":120,"column":156},"end":{"line":120,"column":184}}],"line":120},"3":{"loc":{"start":{"line":121,"column":71},"end":{"line":124,"column":14}},"type":"if","locations":[{"start":{"line":121,"column":71},"end":{"line":124,"column":14}},{"start":{"line":121,"column":71},"end":{"line":124,"column":14}}],"line":121},"4":{"loc":{"start":{"line":124,"column":113},"end":{"line":128,"column":32}},"type":"if","locations":[{"start":{"line":124,"column":113},"end":{"line":128,"column":32}},{"start":{"line":124,"column":113},"end":{"line":128,"column":32}}],"line":124},"5":{"loc":{"start":{"line":128,"column":257},"end":{"line":135,"column":64}},"type":"if","locations":[{"start":{"line":128,"column":257},"end":{"line":135,"column":64}},{"start":{"line":128,"column":257},"end":{"line":135,"column":64}}],"line":128},"6":{"loc":{"start":{"line":128,"column":302},"end":{"line":135,"column":63}},"type":"if","locations":[{"start":{"line":128,"column":302},"end":{"line":135,"column":63}},{"start":{"line":128,"column":302},"end":{"line":135,"column":63}}],"line":128},"7":{"loc":{"start":{"line":137,"column":4},"end":{"line":139,"column":30}},"type":"if","locations":[{"start":{"line":137,"column":4},"end":{"line":139,"column":30}},{"start":{"line":137,"column":4},"end":{"line":139,"column":30}}],"line":137},"8":{"loc":{"start":{"line":137,"column":8},"end":{"line":137,"column":100}},"type":"binary-expr","locations":[{"start":{"line":137,"column":8},"end":{"line":137,"column":31}},{"start":{"line":137,"column":35},"end":{"line":137,"column":100}}],"line":137},"9":{"loc":{"start":{"line":139,"column":150},"end":{"line":139,"column":267}},"type":"if","locations":[{"start":{"line":139,"column":150},"end":{"line":139,"column":267}},{"start":{"line":139,"column":150},"end":{"line":139,"column":267}}],"line":139}},"s":{"0":0,"1":0,"2":0,"3":0,"4":0,"5":0,"6":0,"7":0,"8":0,"9":0,"10":0,"11":0,"12":0,"13":0,"14":0,"15":0,"16":0,"17":0,"18":0,"19":0,"20":0,"21":0,"22":0,"23":0,"24":0,"25":0,"26":0,"27":0,"28":0,"29":0,"30":0,"31":0,"32":0,"33":0},"f":{"0":0,"1":0,"2":0,"3":0,"4":0,"5":0,"6":0,"7":0,"8":0,"9":0,"10":0,"11":0,"12":0,"13":0,"14":0},"b":{"0":[0,0,0],"1":[0,0],"2":[0,0],"3":[0,0],"4":[0,0],"5":[0,0],"6":[0,0],"7":[0,0],"8":[0,0],"9":[0,0]}}
,"/Users/elishkaflint/Projects/array_of_sunshine/client/src/setupEnzyme.js": {"path":"/Users/elishkaflint/Projects/array_of_sunshine/client/src/setupEnzyme.js","statementMap":{"0":{"start":{"line":1,"column":27},"end":{"line":1,"column":44}},"1":{"start":{"line":1,"column":60},"end":{"line":1,"column":91}},"2":{"start":{"line":2,"column":26},"end":{"line":2,"column":60}},"3":{"start":{"line":2,"column":88},"end":{"line":2,"column":131}},"4":{"start":{"line":2,"column":170},"end":{"line":2,"column":224}},"5":{"start":{"line":4,"column":0},"end":{"line":4,"column":76}}},"fnMap":{"0":{"name":"_interopRequireDefault","decl":{"start":{"line":2,"column":141},"end":{"line":2,"column":163}},"loc":{"start":{"line":2,"column":169},"end":{"line":2,"column":225}},"line":2}},"branchMap":{"0":{"loc":{"start":{"line":2,"column":177},"end":{"line":2,"column":223}},"type":"cond-expr","locations":[{"start":{"line":2,"column":201},"end":{"line":2,"column":204}},{"start":{"line":2,"column":207},"end":{"line":2,"column":223}}],"line":2},"1":{"loc":{"start":{"line":2,"column":177},"end":{"line":2,"column":198}},"type":"binary-expr","locations":[{"start":{"line":2,"column":177},"end":{"line":2,"column":180}},{"start":{"line":2,"column":184},"end":{"line":2,"column":198}}],"line":2}},"s":{"0":0,"1":0,"2":0,"3":0,"4":0,"5":0},"f":{"0":0},"b":{"0":[0,0],"1":[0,0]}}
}
