TN:
SF:/Users/elishkaflint/Projects/array_of_sunshine/client/src/App.jsx
FN:2,_interopRequireDefault
FN:5,(anonymous_1)
FN:6,(anonymous_2)
FN:7,(anonymous_3)
FN:10,(anonymous_4)
FN:19,(anonymous_5)
FN:36,(anonymous_6)
FN:44,(anonymous_7)
FN:55,(anonymous_8)
FN:62,(anonymous_9)
FN:67,(anonymous_10)
FN:81,(anonymous_11)
FN:93,(anonymous_12)
FN:100,(anonymous_13)
FN:104,(anonymous_14)
FN:133,(anonymous_15)
FNF:16
FNH:0
FNDA:0,_interopRequireDefault
FNDA:0,(anonymous_1)
FNDA:0,(anonymous_2)
FNDA:0,(anonymous_3)
FNDA:0,(anonymous_4)
FNDA:0,(anonymous_5)
FNDA:0,(anonymous_6)
FNDA:0,(anonymous_7)
FNDA:0,(anonymous_8)
FNDA:0,(anonymous_9)
FNDA:0,(anonymous_10)
FNDA:0,(anonymous_11)
FNDA:0,(anonymous_12)
FNDA:0,(anonymous_13)
FNDA:0,(anonymous_14)
FNDA:0,(anonymous_15)
DA:1,0
DA:2,0
DA:6,0
DA:7,0
DA:11,0
DA:12,0
DA:20,0
DA:21,0
DA:23,0
DA:24,0
DA:25,0
DA:37,0
DA:38,0
DA:39,0
DA:45,0
DA:46,0
DA:51,0
DA:52,0
DA:56,0
DA:57,0
DA:63,0
DA:64,0
DA:68,0
DA:82,0
DA:83,0
DA:89,0
DA:90,0
DA:94,0
DA:101,0
DA:105,0
DA:134,0
DA:139,0
LF:32
LH:0
BRDA:2,0,0,0
BRDA:2,0,1,0
BRDA:2,1,0,0
BRDA:2,1,1,0
BRDA:20,2,0,0
BRDA:20,2,1,0
BRF:6
BRH:0
end_of_record
TN:
SF:/Users/elishkaflint/Projects/array_of_sunshine/client/src/index.js
FN:5,_interopRequireDefault
FNF:1
FNH:0
FNDA:0,_interopRequireDefault
DA:1,0
DA:2,0
DA:3,0
DA:4,0
DA:5,0
DA:7,0
DA:8,0
LF:7
LH:0
BRDA:5,0,0,0
BRDA:5,0,1,0
BRDA:5,1,0,0
BRDA:5,1,1,0
BRF:4
BRH:0
end_of_record
TN:
SF:/Users/elishkaflint/Projects/array_of_sunshine/client/src/model.js
FN:10,workOutType
FN:22,processInput
FN:27,workOutArray
FN:29,(anonymous_3)
FN:32,compareArrays
FN:36,findMethod
FN:38,(anonymous_6)
FNF:7
FNH:7
FNDA:28,workOutType
FNDA:1,processInput
FNDA:6,workOutArray
FNDA:18,(anonymous_3)
FNDA:42,compareArrays
FNDA:7,findMethod
FNDA:42,(anonymous_6)
DA:1,1
DA:11,28
DA:12,28
DA:13,23
DA:14,22
DA:15,16
DA:16,6
DA:17,4
DA:18,2
DA:19,1
DA:23,1
DA:24,1
DA:28,6
DA:29,18
DA:33,42
DA:37,7
DA:38,7
DA:39,42
DA:40,8
DA:44,7
DA:47,1
LF:21
LH:21
BRDA:12,0,0,5
BRDA:12,0,1,23
BRDA:13,1,0,1
BRDA:13,1,1,22
BRDA:14,2,0,6
BRDA:14,2,1,16
BRDA:15,3,0,10
BRDA:15,3,1,6
BRDA:16,4,0,2
BRDA:16,4,1,4
BRDA:17,5,0,2
BRDA:17,5,1,2
BRDA:18,6,0,1
BRDA:18,6,1,1
BRDA:39,7,0,8
BRDA:39,7,1,34
BRDA:44,8,0,6
BRDA:44,8,1,1
BRF:18
BRH:18
end_of_record
TN:
SF:/Users/elishkaflint/Projects/array_of_sunshine/client/src/other.js
FN:2,(anonymous_0)
FN:14,(anonymous_1)
FN:21,(anonymous_2)
FNF:3
FNH:0
FNDA:0,(anonymous_0)
FNDA:0,(anonymous_1)
FNDA:0,(anonymous_2)
DA:1,0
DA:3,0
DA:4,0
DA:10,0
DA:15,0
DA:16,0
DA:22,0
DA:23,0
LF:8
LH:0
BRF:0
BRH:0
end_of_record
TN:
SF:/Users/elishkaflint/Projects/array_of_sunshine/client/src/registerServiceWorker.js
FN:120,register
FN:124,(anonymous_1)
FN:127,(anonymous_2)
FN:128,registerValidSW
FN:128,(anonymous_4)
FN:128,(anonymous_5)
FN:128,(anonymous_6)
FN:135,(anonymous_7)
FN:135,checkValidServiceWorker
FN:136,(anonymous_9)
FN:138,(anonymous_10)
FN:138,(anonymous_11)
FN:139,(anonymous_12)
FN:139,unregister
FN:139,(anonymous_14)
FNF:15
FNH:0
FNDA:0,register
FNDA:0,(anonymous_1)
FNDA:0,(anonymous_2)
FNDA:0,registerValidSW
FNDA:0,(anonymous_4)
FNDA:0,(anonymous_5)
FNDA:0,(anonymous_6)
FNDA:0,(anonymous_7)
FNDA:0,checkValidServiceWorker
FNDA:0,(anonymous_9)
FNDA:0,(anonymous_10)
FNDA:0,(anonymous_11)
FNDA:0,(anonymous_12)
FNDA:0,unregister
FNDA:0,(anonymous_14)
DA:1,0
DA:21,0
DA:118,0
DA:120,0
DA:121,0
DA:124,0
DA:125,0
DA:127,0
DA:128,0
DA:132,0
DA:135,0
DA:136,0
DA:137,0
DA:138,0
DA:139,0
LF:15
LH:0
BRDA:118,0,0,0
BRDA:118,0,1,0
BRDA:118,0,2,0
BRDA:120,1,0,0
BRDA:120,1,1,0
BRDA:120,2,0,0
BRDA:120,2,1,0
BRDA:121,3,0,0
BRDA:121,3,1,0
BRDA:124,4,0,0
BRDA:124,4,1,0
BRDA:128,5,0,0
BRDA:128,5,1,0
BRDA:128,6,0,0
BRDA:128,6,1,0
BRDA:137,7,0,0
BRDA:137,7,1,0
BRDA:137,8,0,0
BRDA:137,8,1,0
BRDA:139,9,0,0
BRDA:139,9,1,0
BRF:21
BRH:0
end_of_record
TN:
SF:/Users/elishkaflint/Projects/array_of_sunshine/client/src/setupEnzyme.js
FN:2,_interopRequireDefault
FNF:1
FNH:0
FNDA:0,_interopRequireDefault
DA:1,0
DA:2,0
DA:4,0
LF:3
LH:0
BRDA:2,0,0,0
BRDA:2,0,1,0
BRDA:2,1,0,0
BRDA:2,1,1,0
BRF:4
BRH:0
end_of_record
